************************************************
 TCP Echo example
************************************************
 IPv4 Address     : 192.168.0.102
 IPv4 Subnet mask : 255.255.255.0
 IPv4 Gateway     : 192.168.0.100
************************************************
AES_DEBUG_INFO: ----TESTING AES CRC32 APIs----
AES_DEBUG_INFO: aescrc_test_task response
AES_DEBUG_INFO: aescrc_test_task: testing AES and CRC with the test string 01234567890123456789


Testing AES128

AES_DEBUG_INFO: aescrc_test_task: encrypt_message_AES called function
AES_DEBUG_INFO: encrypt_message_AES response
AES_DEBUG_INFO: encrypt_message_AES: Encrypting buffer on CBC mode...
AES_DEBUG_INFO: encrypt_message_AES function completed
AES_DEBUG_INFO: aescrc_test_task: Encrypted Message:
0xa0,0x78,0x5c,0xe3,0xdf,0xa1,0x0b,0xd2,0xf5,0x73,0x66,0xf8,0xab,0x74,0x2f,0x51,0x0b,0x1a,0x2b,0x6b,0xf6,0xf2,0x69,0xde,0x38,0x23,0x6b,0x5f,0x9e,0x44,0x16,0xab,
          Testing CRC32

AES_DEBUG_INFO: aescrc_test_task: CRC32 called function
AES_DEBUG_INFO: CRC32 response
AES_DEBUG_INFO: InitCrc32 response
AES_DEBUG_INFO: InitCrc32 completed
AES_DEBUG_INFO: CRC32 completed
CRC-32: 0xd6bda088
AES_DEBUG_INFO: aescrc_test_task: decrypt_message_AES called function
AES_DEBUG_INFO: decrypy_message_AES response
AES_DEBUG_INFO: dencrypt_message_AES: Decrypting buffer on CBC mode...
AES_DEBUG_INFO: dencrypt_message_AES function completed
0x30,0x31,0x32,0x33,0x34,0x35,0x36,0x37,0x38,0x39,0x30,0x31,0x32,0x33,0x34,0x35,0x36,0x37,0x38,0x39,AES_DEBUG_INFO: aescrc_test_task completed
AES_DEBUG_INFO: TEST_SUCCESS
AES_DEBUG_INFO: Continue to real client - server connection...

AES_DEBUG_INFO: receive_cypher_messages response
AES_DEBUG_INFO: receive_cypher_messages: Getting body bytes
AES_DEBUG_INFO: receive_cypher_messages: GET CRC bytes
AES_DEBUG_INFO: receive_cypher_messages: Convert CRC bytes from the message to int
AES_DEBUG_INFO: CRC32 called function
AES_DEBUG_INFO: CRC32 response
AES_DEBUG_INFO: InitCrc32 response
AES_DEBUG_INFO: InitCrc32 completed
AES_DEBUG_INFO: CRC32 completed
AES_DEBUG_INFO: receive_cypher_messages: Checksum comparison
AES_DEBUG_INFO: receive_cypher_messages: calculated checksum 695792356, Original checksum: 695792356

AES_DEBUG_INFO: receive_cypher_messages: Checksum OK! Decrypting message...

AES_DEBUG_INFO: receive_cypher_messages: decrypt_message_AES called function
AES_DEBUG_INFO: decrypy_message_AES response
AES_DEBUG_INFO: dencrypt_message_AES: Decrypting buffer on CBC mode...
AES_DEBUG_INFO: dencrypt_message_AES function completed
AES_DEBUG_INFO: receive_cypher_messages: Decrypted Message:
HelloWorld_1
AES_DEBUG_INFO: receive_cypher_messages completed
AES_DEBUG_INFO: receive_cypher_messages response
AES_DEBUG_INFO: receive_cypher_messages: Getting body bytes
AES_DEBUG_INFO: receive_cypher_messages: GET CRC bytes
AES_DEBUG_INFO: receive_cypher_messages: Convert CRC bytes from the message to int
AES_DEBUG_INFO: CRC32 called function
AES_DEBUG_INFO: CRC32 response
AES_DEBUG_INFO: InitCrc32 response
AES_DEBUG_INFO: InitCrc32 completed
AES_DEBUG_INFO: CRC32 completed
AES_DEBUG_INFO: receive_cypher_messages: Checksum comparison
AES_DEBUG_INFO: receive_cypher_messages: calculated checksum 3651595522, Original checksum: 3651595522

AES_DEBUG_INFO: receive_cypher_messages: Checksum OK! Decrypting message...

AES_DEBUG_INFO: receive_cypher_messages: decrypt_message_AES called function
AES_DEBUG_INFO: decrypy_message_AES response
AES_DEBUG_INFO: dencrypt_message_AES: Decrypting buffer on CBC mode...
AES_DEBUG_INFO: dencrypt_message_AES function completed
AES_DEBUG_INFO: receive_cypher_messages: Decrypted Message:
HelloWorld_2
AES_DEBUG_INFO: receive_cypher_messages completed
AES_DEBUG_INFO: receive_cypher_messages response
AES_DEBUG_INFO: receive_cypher_messages: Getting body bytes
AES_DEBUG_INFO: receive_cypher_messages: GET CRC bytes
AES_DEBUG_INFO: receive_cypher_messages: Convert CRC bytes from the message to int
AES_DEBUG_INFO: CRC32 called function
AES_DEBUG_INFO: CRC32 response
AES_DEBUG_INFO: InitCrc32 response
AES_DEBUG_INFO: InitCrc32 completed
AES_DEBUG_INFO: CRC32 completed
AES_DEBUG_INFO: receive_cypher_messages: Checksum comparison
AES_DEBUG_INFO: receive_cypher_messages: calculated checksum 3783948226, Original checksum: 3783948226

AES_DEBUG_INFO: receive_cypher_messages: Checksum OK! Decrypting message...

AES_DEBUG_INFO: receive_cypher_messages: decrypt_message_AES called function
AES_DEBUG_INFO: decrypy_message_AES response
AES_DEBUG_INFO: dencrypt_message_AES: Decrypting buffer on CBC mode...
AES_DEBUG_INFO: dencrypt_message_AES function completed
AES_DEBUG_INFO: receive_cypher_messages: Decrypted Message:
HelloWorld_3
AES_DEBUG_INFO: receive_cypher_messages completed
AES_DEBUG_INFO: receive_cypher_messages response
AES_DEBUG_INFO: receive_cypher_messages: Getting body bytes
AES_DEBUG_INFO: receive_cypher_messages: GET CRC bytes
AES_DEBUG_INFO: receive_cypher_messages: Convert CRC bytes from the message to int
AES_DEBUG_INFO: CRC32 called function
AES_DEBUG_INFO: CRC32 response
AES_DEBUG_INFO: InitCrc32 response
AES_DEBUG_INFO: InitCrc32 completed
AES_DEBUG_INFO: CRC32 completed
AES_DEBUG_INFO: receive_cypher_messages: Checksum comparison
AES_DEBUG_INFO: receive_cypher_messages: calculated checksum 2560258600, Original checksum: 2560258600

AES_DEBUG_INFO: receive_cypher_messages: Checksum OK! Decrypting message...

AES_DEBUG_INFO: receive_cypher_messages: decrypt_message_AES called function
AES_DEBUG_INFO: decrypy_message_AES response
AES_DEBUG_INFO: dencrypt_message_AES: Decrypting buffer on CBC mode...
AES_DEBUG_INFO: dencrypt_message_AES function completed
AES_DEBUG_INFO: receive_cypher_messages: Decrypted Message:
HelloWorld_4
AES_DEBUG_INFO: receive_cypher_messages completed
AES_DEBUG_INFO: receive_cypher_messages response
AES_DEBUG_INFO: receive_cypher_messages: Getting body bytes
AES_DEBUG_INFO: receive_cypher_messages: GET CRC bytes
AES_DEBUG_INFO: receive_cypher_messages: Convert CRC bytes from the message to int
AES_DEBUG_INFO: CRC32 called function
AES_DEBUG_INFO: CRC32 response
AES_DEBUG_INFO: InitCrc32 response
AES_DEBUG_INFO: InitCrc32 completed
AES_DEBUG_INFO: CRC32 completed
AES_DEBUG_INFO: receive_cypher_messages: Checksum comparison
AES_DEBUG_INFO: receive_cypher_messages: calculated checksum 937517777, Original checksum: 937517777

AES_DEBUG_INFO: receive_cypher_messages: Checksum OK! Decrypting message...

AES_DEBUG_INFO: receive_cypher_messages: decrypt_message_AES called function
AES_DEBUG_INFO: decrypy_message_AES response
AES_DEBUG_INFO: dencrypt_message_AES: Decrypting buffer on CBC mode...
AES_DEBUG_INFO: dencrypt_message_AES function completed
AES_DEBUG_INFO: receive_cypher_messages: Decrypted Message:
HelloWorld_5
AES_DEBUG_INFO: receive_cypher_messages completed
AES_DEBUG_INFO: receive_cypher_messages response
AES_DEBUG_INFO: receive_cypher_messages: Getting body bytes
AES_DEBUG_INFO: receive_cypher_messages: GET CRC bytes
AES_DEBUG_INFO: receive_cypher_messages: Convert CRC bytes from the message to int
AES_DEBUG_INFO: CRC32 called function
AES_DEBUG_INFO: CRC32 response
AES_DEBUG_INFO: InitCrc32 response
AES_DEBUG_INFO: InitCrc32 completed
AES_DEBUG_INFO: CRC32 completed
AES_DEBUG_INFO: receive_cypher_messages: Checksum comparison
AES_DEBUG_INFO: receive_cypher_messages: calculated checksum 2397366290, Original checksum: 2397366290

AES_DEBUG_INFO: receive_cypher_messages: Checksum OK! Decrypting message...

AES_DEBUG_INFO: receive_cypher_messages: decrypt_message_AES called function
AES_DEBUG_INFO: decrypy_message_AES response
AES_DEBUG_INFO: dencrypt_message_AES: Decrypting buffer on CBC mode...
AES_DEBUG_INFO: dencrypt_message_AES function completed
AES_DEBUG_INFO: receive_cypher_messages: Decrypted Message:
HelloWorld_6
AES_DEBUG_INFO: receive_cypher_messages completed
AES_DEBUG_INFO: receive_cypher_messages response
AES_DEBUG_INFO: receive_cypher_messages: Getting body bytes
AES_DEBUG_INFO: receive_cypher_messages: GET CRC bytes
AES_DEBUG_INFO: receive_cypher_messages: Convert CRC bytes from the message to int
AES_DEBUG_INFO: CRC32 called function
AES_DEBUG_INFO: CRC32 response
AES_DEBUG_INFO: InitCrc32 response
AES_DEBUG_INFO: InitCrc32 completed
AES_DEBUG_INFO: CRC32 completed
AES_DEBUG_INFO: receive_cypher_messages: Checksum comparison
AES_DEBUG_INFO: receive_cypher_messages: calculated checksum 2138833523, Original checksum: 2138833523

AES_DEBUG_INFO: receive_cypher_messages: Checksum OK! Decrypting message...

AES_DEBUG_INFO: receive_cypher_messages: decrypt_message_AES called function
AES_DEBUG_INFO: decrypy_message_AES response
AES_DEBUG_INFO: dencrypt_message_AES: Decrypting buffer on CBC mode...
AES_DEBUG_INFO: dencrypt_message_AES function completed
AES_DEBUG_INFO: receive_cypher_messages: Decrypted Message:
HelloWorld_7
AES_DEBUG_INFO: receive_cypher_messages completed
AES_DEBUG_INFO: receive_cypher_messages response
AES_DEBUG_INFO: receive_cypher_messages: Getting body bytes
AES_DEBUG_INFO: receive_cypher_messages: GET CRC bytes
AES_DEBUG_INFO: receive_cypher_messages: Convert CRC bytes from the message to int
AES_DEBUG_INFO: CRC32 called function
AES_DEBUG_INFO: CRC32 response
AES_DEBUG_INFO: InitCrc32 response
AES_DEBUG_INFO: InitCrc32 completed
AES_DEBUG_INFO: CRC32 completed
AES_DEBUG_INFO: receive_cypher_messages: Checksum comparison
AES_DEBUG_INFO: receive_cypher_messages: calculated checksum 2947179696, Original checksum: 2947179696

AES_DEBUG_INFO: receive_cypher_messages: Checksum OK! Decrypting message...

AES_DEBUG_INFO: receive_cypher_messages: decrypt_message_AES called function
AES_DEBUG_INFO: decrypy_message_AES response
AES_DEBUG_INFO: dencrypt_message_AES: Decrypting buffer on CBC mode...
AES_DEBUG_INFO: dencrypt_message_AES function completed
AES_DEBUG_INFO: receive_cypher_messages: Decrypted Message:
HelloWorld_8
AES_DEBUG_INFO: receive_cypher_messages completed
AES_DEBUG_INFO: receive_cypher_messages response
AES_DEBUG_INFO: receive_cypher_messages: Getting body bytes
AES_DEBUG_INFO: receive_cypher_messages: GET CRC bytes
AES_DEBUG_INFO: receive_cypher_messages: Convert CRC bytes from the message to int
AES_DEBUG_INFO: CRC32 called function
AES_DEBUG_INFO: CRC32 response
AES_DEBUG_INFO: InitCrc32 response
AES_DEBUG_INFO: InitCrc32 completed
AES_DEBUG_INFO: CRC32 completed
AES_DEBUG_INFO: receive_cypher_messages: Checksum comparison
AES_DEBUG_INFO: receive_cypher_messages: calculated checksum 3870800459, Original checksum: 3870800459

AES_DEBUG_INFO: receive_cypher_messages: Checksum OK! Decrypting message...

AES_DEBUG_INFO: receive_cypher_messages: decrypt_message_AES called function
AES_DEBUG_INFO: decrypy_message_AES response
AES_DEBUG_INFO: dencrypt_message_AES: Decrypting buffer on CBC mode...
AES_DEBUG_INFO: dencrypt_message_AES function completed
AES_DEBUG_INFO: receive_cypher_messages: Decrypted Message:
HelloWorld_N_Times
AES_DEBUG_INFO: receive_cypher_messages completed
